xrun: 19.09-s003: (c) Copyright 1995-2019 Cadence Design Systems, Inc.
TOOL:	xrun	19.09-s003: Started on Oct 14, 2021 at 15:56:35 CEST
xrun
	+elaborate
	+sv
	-f /home/student/akamien/VDIC/.dvt/lab01.build
		Lab01/srcs/mtm_Alu.vp
INCLUDE $PDK_DIR/cds/cds.lib
|
xrun: *W,DLCVAR (../cds.lib,1): cds.lib Invalid environment variable ''.
INCLUDE $PDK_DIR/cds/cds.lib
|
xrun: *W,DLCVAR (../cds.lib,1): cds.lib Invalid environment variable ''.
INCLUDE $PDK_DIR/cds/cds.lib
|
xrun: *W,DLCVAR (../cds.lib,1): cds.lib Invalid environment variable ''.
INCLUDE $PDK_DIR/cds/cds.lib
|
xrun: *W,DLCVAR (../cds.lib,1): cds.lib Invalid environment variable ''.
INCLUDE $PDK_DIR/cds/cds.lib
|
xrun: *W,DLCVAR (../cds.lib,1): cds.lib Invalid environment variable ''.
INCLUDE $PDK_DIR/cds/cds.lib
|
xmvlog: *W,DLCVAR (../cds.lib,1): cds.lib Invalid environment variable ''.
file: Lab01/srcs/mtm_Alu.vp
	module worklib.mtm_Alu:vp
		errors: 0, warnings: 0
		errors: 0, warnings: 0
		errors: 0, warnings: 0
		errors: 0, warnings: 0
	Total errors/warnings found outside modules and primitives:
		errors: 0, warnings: 1
INCLUDE $PDK_DIR/cds/cds.lib
|
xrun: *W,DLCVAR (../cds.lib,1): cds.lib Invalid environment variable ''.
INCLUDE $PDK_DIR/cds/cds.lib
|
xrun: *W,DLCVAR (../cds.lib,1): cds.lib Invalid environment variable ''.
INCLUDE $PDK_DIR/cds/cds.lib
|
xmelab: *W,DLCVAR (../cds.lib,1): cds.lib Invalid environment variable ''.
		Caching library 'worklib' ....... Done
	Elaborating the design hierarchy:
	Top level design units:
		mtm_Alu
xmelab: *W,DSEMEL: This SystemVerilog design will be simulated as per IEEE 1800-2009 SystemVerilog simulation semantics. Use -disable_sem2009 option for turning off SV 2009 simulation semantics.
	Building instance overlay tables: .................... Done
	Generating native compiled code:
INCLUDE $PDK_DIR/cds/cds.lib
|
xmvlog_cg: *W,DLCVAR (../cds.lib,1): cds.lib Invalid environment variable ''.
			streams:   0, words:     0
			streams:   0, words:     0
			streams:   0, words:     0
	Building instance specific data structures.
	Loading native compiled code:     .................... Done
	Design hierarchy summary:
		                 Instances  Unique
		Modules:                 4       4
		Registers:              43      54
		Always blocks:          12      12
		Simulation timescale:  1ps
	Writing initial simulation snapshot: worklib.mtm_Alu:vp
TOOL:	xrun	19.09-s003: Exiting on Oct 14, 2021 at 15:56:36 CEST  (total: 00:00:01)
