*** Start analyzing build configuration ***
Auto-config - Scanning: /home/student/akamien/VDIC/Lab01
Auto-config - VLOG: /home/student/akamien/VDIC/Lab01
Auto-config - Wrote:
    /home/student/akamien/VDIC/Lab01/.dvt/default.build.auto.1
*** List of included argument files ***
    Build configuration file:  /home/student/akamien/VDIC/Lab01/.dvt/default.build
    -f /home/student/akamien/VDIC/Lab01/.dvt/default.build.auto.1
*** List of invocations ***
Invocation #1 +dvt_init+dvt in /home/student/akamien/VDIC/Lab01/.dvt/default.build.auto.1 at line 9
*** Done analyzing build configuration [92 ms] ***

*** Start SystemVerilog build ***
*** Invocation #1***
Loading (1) /home/student/akamien/VDIC/Lab01/srcs/mtm_Alu.vp ...
Done /home/student/akamien/VDIC/Lab01/srcs/mtm_Alu.vp [28 ms, 474 lines, SystemVerilog_2012] ...
*** Done invocation #1 [24 ms] ***
*** Done parsing [LT 3.0 ms, PT 24.0 ms] ***
*** Total number of lines [474] ***
Performing post full build actions ...
Performing post full build step 1 (SRI) [0 ms] ...
Performing post full build step 2 (RI) [0 ms] ...
Performing post full build step 3 (RCP) [0 ms] ...
*** Done SystemVerilog build [34 ms] ***

*** Start mixed mode extension build ***
Performing mixed post full build step 1 (Verilog - RI) [0 ms] ...
Performing mixed post full build step 2 (Verilog - RC) [0 ms] ...
Performing mixed post full build step 3 (Verilog - RPC) [1 ms] ...
Performing mixed post full build step 4 (Verilog - RD) [0 ms] ...
Performing mixed post full build step 5 (Verilog - FSC) [67 ms] ...
Performing mixed post full build step 6 (Verilog - EV) [53 ms] ...
Performing mixed post full build step 7 (Verilog - US) [52 ms] ...
*** Done mixed mode extension build [275 ms] ***
*** Start adding/validating the DVT Auto-Linked resources ***
*** Done adding/validating the DVT Auto-Linked resources [2 ms] ***
*** Total build time [403 ms] ***
