TOOL:	xrun	19.09-s003: Started on Oct 09, 2021 at 23:34:49 CEST
xrun
	-F tb.f
		apple.sv
		apple_tb.sv
	-v93
	+nowarnDSEM2009
	+nowarnDSEMEL
	+nowarnCGDEFN
	-xmlibdirname INCA_libs_gui
	+access+r
	+gui
	+overwrite
	-nocopyright
	-covtest lab01
	-l xrun_gui.log
	-s
INCLUDE $PDK_DIR/cds/cds.lib
|
xrun: *W,DLCVAR (/home/student/akamien/cds.lib,1): cds.lib Invalid environment variable ''.
INCLUDE $PDK_DIR/cds/cds.lib
|
xrun: *W,DLCVAR (/home/student/akamien/cds.lib,1): cds.lib Invalid environment variable ''.
INCLUDE $PDK_DIR/cds/cds.lib
|
xrun: *W,DLCVAR (/home/student/akamien/cds.lib,1): cds.lib Invalid environment variable ''.
INCLUDE $PDK_DIR/cds/cds.lib
|
xrun: *W,DLCVAR (/home/student/akamien/cds.lib,1): cds.lib Invalid environment variable ''.
Recompiling... reason: file './apple_tb.sv' is newer than expected.
	expected: Sat Oct  9 23:33:31 2021
	actual:   Sat Oct  9 23:34:42 2021
INCLUDE $PDK_DIR/cds/cds.lib
|
xrun: *W,DLCVAR (/home/student/akamien/cds.lib,1): cds.lib Invalid environment variable ''.
INCLUDE $PDK_DIR/cds/cds.lib
|
xmvlog: *W,DLCVAR (/home/student/akamien/cds.lib,1): cds.lib Invalid environment variable ''.
file: ./apple_tb.sv
	module worklib.apple_tb:sv
		errors: 0, warnings: 0
	Total errors/warnings found outside modules and primitives:
		errors: 0, warnings: 1
INCLUDE $PDK_DIR/cds/cds.lib
|
xrun: *W,DLCVAR (/home/student/akamien/cds.lib,1): cds.lib Invalid environment variable ''.
INCLUDE $PDK_DIR/cds/cds.lib
|
xrun: *W,DLCVAR (/home/student/akamien/cds.lib,1): cds.lib Invalid environment variable ''.
INCLUDE $PDK_DIR/cds/cds.lib
|
xmelab: *W,DLCVAR (/home/student/akamien/cds.lib,1): cds.lib Invalid environment variable ''.
		Caching library 'worklib' ....... Done
	Elaborating the design hierarchy:
	Top level design units:
		apple_tb
	Building instance overlay tables: .................... Done
	Generating native compiled code:
INCLUDE $PDK_DIR/cds/cds.lib
|
xmvlog_cg: *W,DLCVAR (/home/student/akamien/cds.lib,1): cds.lib Invalid environment variable ''.
		worklib.apple_tb:sv <0x1ab8cd22>
			streams:   5, words:  5001
	Building instance specific data structures.
	Loading native compiled code:     .................... Done
	Design hierarchy summary:
		             Instances  Unique
		Modules:             2       2
		Registers:           7       7
		Scalar wires:        4       -
		Always blocks:       2       2
		Initial blocks:      1       1
		Pseudo assignments:  3       3
		Assertions:          1       1
	Writing initial simulation snapshot: worklib.apple_tb:sv
INCLUDE $PDK_DIR/cds/cds.lib
|
xmsim: *W,DLCVAR (/home/student/akamien/cds.lib,1): cds.lib Invalid environment variable ''.
xcelium> 
xcelium> source /cad/XCELIUM1909/tools/xcelium/files/xmsimrc
xcelium> 
-------------------------------------
Relinquished control to SimVision...
# Restoring simulation environment...
xcelium> input -quiet .reinvoke.sim
xcelium> file delete .reinvoke.sim
xcelium> run
Simulation stopped via $stop(1) at time 40 NS + 0
xcelium> ^C
xcelium> exit
...Regained control from SimVision
-------------------------------------

coverage setup:
  workdir  :  ./cov_work
  scope    :  scope
  testname :  lab01
TOOL:	xrun	19.09-s003: Exiting on Oct 09, 2021 at 23:35:06 CEST  (total: 00:00:17)
