INCLUDE $PDK_DIR/cds/cds.lib
|
xrun: *W,DLCVAR (/home/student/akamien/cds.lib,1): cds.lib Invalid environment variable ''.
INCLUDE $PDK_DIR/cds/cds.lib
|
xrun: *W,DLCVAR (/home/student/akamien/cds.lib,1): cds.lib Invalid environment variable ''.
INCLUDE $PDK_DIR/cds/cds.lib
|
xrun: *W,DLCVAR (/home/student/akamien/cds.lib,1): cds.lib Invalid environment variable ''.
INCLUDE $PDK_DIR/cds/cds.lib
|
xrun: *W,DLCVAR (/home/student/akamien/cds.lib,1): cds.lib Invalid environment variable ''.
INCLUDE $PDK_DIR/cds/cds.lib
|
xrun: *W,DLCVAR (/home/student/akamien/cds.lib,1): cds.lib Invalid environment variable ''.
INCLUDE $PDK_DIR/cds/cds.lib
|
xrun: *W,DLCVAR (/home/student/akamien/cds.lib,1): cds.lib Invalid environment variable ''.
INCLUDE $PDK_DIR/cds/cds.lib
|
xrun: *W,DLCVAR (/home/student/akamien/cds.lib,1): cds.lib Invalid environment variable ''.
INCLUDE $PDK_DIR/cds/cds.lib
|
xrun: *W,DLCVAR (/home/student/akamien/cds.lib,1): cds.lib Invalid environment variable ''.
INCLUDE $PDK_DIR/cds/cds.lib
|
xrun: *W,DLCVAR (/home/student/akamien/cds.lib,1): cds.lib Invalid environment variable ''.
INCLUDE $PDK_DIR/cds/cds.lib
|
xmelab: *W,DLCVAR (/home/student/akamien/cds.lib,1): cds.lib Invalid environment variable ''.
	Top level design units:
		apple_tb
INCLUDE $PDK_DIR/cds/cds.lib
|
xmvlog_cg: *W,DLCVAR (/home/student/akamien/cds.lib,1): cds.lib Invalid environment variable ''.
